<?xml version="1.0" encoding="UTF-8"?>
<coverage generated="1669543805575" clover="3.2.0">
  <project timestamp="1669543805576" name="All files">
    <metrics statements="120" coveredstatements="87" conditionals="30" coveredconditionals="10" methods="25" coveredmethods="18" elements="175" coveredelements="115" complexity="0" loc="120" ncloc="120" packages="6" files="14" classes="14"/>
    <package name="app">
      <metrics statements="7" coveredstatements="7" conditionals="0" coveredconditionals="0" methods="0" coveredmethods="0"/>
      <file name="index.js" path="C:\xampp\htdocs\Final-project\Back-End\BE-Final-Project\app\index.js">
        <metrics statements="7" coveredstatements="7" conditionals="0" coveredconditionals="0" methods="0" coveredmethods="0"/>
        <line num="1" count="1" type="stmt"/>
        <line num="2" count="1" type="stmt"/>
        <line num="3" count="1" type="stmt"/>
        <line num="5" count="1" type="stmt"/>
        <line num="7" count="1" type="stmt"/>
        <line num="8" count="1" type="stmt"/>
        <line num="16" count="1" type="stmt"/>
      </file>
    </package>
    <package name="app.controllers">
      <metrics statements="46" coveredstatements="15" conditionals="19" coveredconditionals="3" methods="7" coveredmethods="0"/>
      <file name="loginController.js" path="C:\xampp\htdocs\Final-project\Back-End\BE-Final-Project\app\controllers\loginController.js">
        <metrics statements="23" coveredstatements="9" conditionals="8" coveredconditionals="3" methods="3" coveredmethods="0"/>
        <line num="1" count="1" type="stmt"/>
        <line num="2" count="1" type="stmt"/>
        <line num="3" count="1" type="stmt"/>
        <line num="4" count="1" type="cond" truecount="1" falsecount="1"/>
        <line num="5" count="1" type="cond" truecount="2" falsecount="0"/>
        <line num="8" count="1" type="stmt"/>
        <line num="9" count="1" type="stmt"/>
        <line num="10" count="1" type="stmt"/>
        <line num="11" count="0" type="stmt"/>
        <line num="13" count="0" type="stmt"/>
        <line num="16" count="0" type="cond" truecount="0" falsecount="2"/>
        <line num="17" count="0" type="stmt"/>
        <line num="19" count="0" type="stmt"/>
        <line num="24" count="0" type="cond" truecount="0" falsecount="2"/>
        <line num="25" count="0" type="stmt"/>
        <line num="26" count="0" type="stmt"/>
        <line num="29" count="0" type="stmt"/>
        <line num="31" count="0" type="stmt"/>
        <line num="46" count="0" type="stmt"/>
        <line num="50" count="0" type="stmt"/>
        <line num="55" count="0" type="stmt"/>
        <line num="57" count="0" type="stmt"/>
        <line num="62" count="1" type="stmt"/>
      </file>
      <file name="registerController.js" path="C:\xampp\htdocs\Final-project\Back-End\BE-Final-Project\app\controllers\registerController.js">
        <metrics statements="23" coveredstatements="6" conditionals="11" coveredconditionals="0" methods="4" coveredmethods="0"/>
        <line num="1" count="1" type="stmt"/>
        <line num="2" count="1" type="stmt"/>
        <line num="3" count="1" type="stmt"/>
        <line num="6" count="1" type="stmt"/>
        <line num="7" count="0" type="stmt"/>
        <line num="8" count="0" type="stmt"/>
        <line num="9" count="0" type="cond" truecount="0" falsecount="2"/>
        <line num="10" count="0" type="stmt"/>
        <line num="11" count="0" type="stmt"/>
        <line num="14" count="0" type="stmt"/>
        <line num="19" count="1" type="stmt"/>
        <line num="20" count="0" type="stmt"/>
        <line num="21" count="0" type="stmt"/>
        <line num="24" count="0" type="cond" truecount="0" falsecount="5"/>
        <line num="25" count="0" type="stmt"/>
        <line num="28" count="0" type="stmt"/>
        <line num="34" count="0" type="cond" truecount="0" falsecount="2"/>
        <line num="35" count="0" type="stmt"/>
        <line num="40" count="0" type="stmt"/>
        <line num="43" count="0" type="stmt"/>
        <line num="57" count="0" type="stmt"/>
        <line num="64" count="0" type="cond" truecount="0" falsecount="2"/>
        <line num="70" count="1" type="stmt"/>
      </file>
    </package>
    <package name="config">
      <metrics statements="2" coveredstatements="2" conditionals="0" coveredconditionals="0" methods="0" coveredmethods="0"/>
      <file name="config.js" path="C:\xampp\htdocs\Final-project\Back-End\BE-Final-Project\config\config.js">
        <metrics statements="2" coveredstatements="2" conditionals="0" coveredconditionals="0" methods="0" coveredmethods="0"/>
        <line num="1" count="1" type="stmt"/>
        <line num="3" count="1" type="stmt"/>
      </file>
    </package>
    <package name="models">
      <metrics statements="50" coveredstatements="49" conditionals="9" coveredconditionals="6" methods="17" coveredmethods="17"/>
      <file name="admin.js" path="C:\xampp\htdocs\Final-project\Back-End\BE-Final-Project\models\admin.js">
        <metrics statements="4" coveredstatements="4" conditionals="0" coveredconditionals="0" methods="2" coveredmethods="2"/>
        <line num="3" count="1" type="stmt"/>
        <line num="4" count="1" type="stmt"/>
        <line num="15" count="1" type="stmt"/>
        <line num="27" count="1" type="stmt"/>
      </file>
      <file name="booking.js" path="C:\xampp\htdocs\Final-project\Back-End\BE-Final-Project\models\booking.js">
        <metrics statements="4" coveredstatements="4" conditionals="0" coveredconditionals="0" methods="2" coveredmethods="2"/>
        <line num="5" count="1" type="stmt"/>
        <line num="6" count="1" type="stmt"/>
        <line num="17" count="1" type="stmt"/>
        <line num="25" count="1" type="stmt"/>
      </file>
      <file name="history.js" path="C:\xampp\htdocs\Final-project\Back-End\BE-Final-Project\models\history.js">
        <metrics statements="5" coveredstatements="5" conditionals="0" coveredconditionals="0" methods="2" coveredmethods="2"/>
        <line num="2" count="1" type="stmt"/>
        <line num="3" count="1" type="stmt"/>
        <line num="12" count="1" type="stmt"/>
        <line num="21" count="1" type="stmt"/>
        <line num="30" count="1" type="stmt"/>
      </file>
      <file name="index.js" path="C:\xampp\htdocs\Final-project\Back-End\BE-Final-Project\models\index.js">
        <metrics statements="20" coveredstatements="19" conditionals="9" coveredconditionals="6" methods="3" coveredmethods="3"/>
        <line num="2" count="1" type="stmt"/>
        <line num="3" count="1" type="stmt"/>
        <line num="4" count="1" type="stmt"/>
        <line num="6" count="1" type="stmt"/>
        <line num="7" count="1" type="cond" truecount="1" falsecount="1"/>
        <line num="8" count="1" type="stmt"/>
        <line num="9" count="1" type="stmt"/>
        <line num="12" count="1" type="cond" truecount="1" falsecount="1"/>
        <line num="13" count="0" type="stmt"/>
        <line num="15" count="1" type="stmt"/>
        <line num="18" count="1" type="stmt"/>
        <line num="20" count="8" type="cond" truecount="3" falsecount="0"/>
        <line num="22" count="7" type="stmt"/>
        <line num="23" count="7" type="stmt"/>
        <line num="26" count="1" type="stmt"/>
        <line num="27" count="7" type="cond" truecount="1" falsecount="1"/>
        <line num="28" count="7" type="stmt"/>
        <line num="32" count="1" type="stmt"/>
        <line num="33" count="1" type="stmt"/>
        <line num="35" count="1" type="stmt"/>
      </file>
      <file name="payment.js" path="C:\xampp\htdocs\Final-project\Back-End\BE-Final-Project\models\payment.js">
        <metrics statements="4" coveredstatements="4" conditionals="0" coveredconditionals="0" methods="2" coveredmethods="2"/>
        <line num="5" count="1" type="stmt"/>
        <line num="6" count="1" type="stmt"/>
        <line num="17" count="1" type="stmt"/>
        <line num="31" count="1" type="stmt"/>
      </file>
      <file name="ticketairplane.js" path="C:\xampp\htdocs\Final-project\Back-End\BE-Final-Project\models\ticketairplane.js">
        <metrics statements="4" coveredstatements="4" conditionals="0" coveredconditionals="0" methods="2" coveredmethods="2"/>
        <line num="5" count="1" type="stmt"/>
        <line num="6" count="1" type="stmt"/>
        <line num="17" count="1" type="stmt"/>
        <line num="30" count="1" type="stmt"/>
      </file>
      <file name="transaction.js" path="C:\xampp\htdocs\Final-project\Back-End\BE-Final-Project\models\transaction.js">
        <metrics statements="4" coveredstatements="4" conditionals="0" coveredconditionals="0" methods="2" coveredmethods="2"/>
        <line num="5" count="1" type="stmt"/>
        <line num="6" count="1" type="stmt"/>
        <line num="17" count="1" type="stmt"/>
        <line num="24" count="1" type="stmt"/>
      </file>
      <file name="user.js" path="C:\xampp\htdocs\Final-project\Back-End\BE-Final-Project\models\user.js">
        <metrics statements="5" coveredstatements="5" conditionals="0" coveredconditionals="0" methods="2" coveredmethods="2"/>
        <line num="2" count="1" type="stmt"/>
        <line num="3" count="1" type="stmt"/>
        <line num="12" count="1" type="stmt"/>
        <line num="21" count="1" type="stmt"/>
        <line num="40" count="1" type="stmt"/>
      </file>
    </package>
    <package name="routes">
      <metrics statements="7" coveredstatements="7" conditionals="0" coveredconditionals="0" methods="0" coveredmethods="0"/>
      <file name="index.js" path="C:\xampp\htdocs\Final-project\Back-End\BE-Final-Project\routes\index.js">
        <metrics statements="7" coveredstatements="7" conditionals="0" coveredconditionals="0" methods="0" coveredmethods="0"/>
        <line num="1" count="1" type="stmt"/>
        <line num="4" count="1" type="stmt"/>
        <line num="5" count="1" type="stmt"/>
        <line num="6" count="1" type="stmt"/>
        <line num="9" count="1" type="stmt"/>
        <line num="10" count="1" type="stmt"/>
        <line num="12" count="1" type="stmt"/>
      </file>
    </package>
    <package name="validation">
      <metrics statements="8" coveredstatements="7" conditionals="2" coveredconditionals="1" methods="1" coveredmethods="1"/>
      <file name="index.js" path="C:\xampp\htdocs\Final-project\Back-End\BE-Final-Project\validation\index.js">
        <metrics statements="8" coveredstatements="7" conditionals="2" coveredconditionals="1" methods="1" coveredmethods="1"/>
        <line num="3" count="1" type="stmt"/>
        <line num="8" count="1" type="stmt"/>
        <line num="9" count="1" type="stmt"/>
        <line num="10" count="1" type="cond" truecount="1" falsecount="1"/>
        <line num="11" count="1" type="stmt"/>
        <line num="15" count="0" type="stmt"/>
        <line num="18" count="1" type="stmt"/>
        <line num="27" count="1" type="stmt"/>
      </file>
    </package>
  </project>
</coverage>
