{"D:\\MSIB\\PLATINUM FP\\BE\\BE-Final-Project\\app\\index.js": {"path":"D:\\MSIB\\PLATINUM FP\\BE\\BE-Final-Project\\app\\index.js","statementMap":{"0":{"start":{"line":1,"column":16},"end":{"line":1,"column":34}},"1":{"start":{"line":2,"column":0},"end":{"line":2,"column":26}},"2":{"start":{"line":3,"column":15},"end":{"line":3,"column":41}},"3":{"start":{"line":5,"column":12},"end":{"line":5,"column":21}},"4":{"start":{"line":7,"column":0},"end":{"line":7,"column":24}},"5":{"start":{"line":8,"column":0},"end":{"line":8,"column":16}},"6":{"start":{"line":16,"column":0},"end":{"line":16,"column":21}}},"fnMap":{},"branchMap":{},"s":{"0":1,"1":1,"2":1,"3":1,"4":1,"5":1,"6":1},"f":{},"b":{},"_coverageSchema":"1a1c01bbd47fc00a2c39e90264f33305004495a9","hash":"8262c17e05971bbe8e49745296372db05ddf9074"}
,"D:\\MSIB\\PLATINUM FP\\BE\\BE-Final-Project\\app\\controllers\\loginController.js": {"path":"D:\\MSIB\\PLATINUM FP\\BE\\BE-Final-Project\\app\\controllers\\loginController.js","statementMap":{"0":{"start":{"line":1,"column":15},"end":{"line":1,"column":32}},"1":{"start":{"line":2,"column":12},"end":{"line":2,"column":35}},"2":{"start":{"line":3,"column":17},"end":{"line":3,"column":37}},"3":{"start":{"line":4,"column":18},"end":{"line":4,"column":74}},"4":{"start":{"line":5,"column":19},"end":{"line":5,"column":77}},"5":{"start":{"line":7,"column":20},"end":{"line":7,"column":83}},"6":{"start":{"line":7,"column":33},"end":{"line":7,"column":83}},"7":{"start":{"line":8,"column":21},"end":{"line":8,"column":85}},"8":{"start":{"line":8,"column":34},"end":{"line":8,"column":85}},"9":{"start":{"line":9,"column":15},"end":{"line":56,"column":1}},"10":{"start":{"line":10,"column":2},"end":{"line":55,"column":3}},"11":{"start":{"line":11,"column":17},"end":{"line":11,"column":73}},"12":{"start":{"line":13,"column":4},"end":{"line":15,"column":5}},"13":{"start":{"line":14,"column":6},"end":{"line":14,"column":66}},"14":{"start":{"line":16,"column":28},"end":{"line":16,"column":80}},"15":{"start":{"line":18,"column":4},"end":{"line":21,"column":5}},"16":{"start":{"line":19,"column":6},"end":{"line":19,"column":60}},"17":{"start":{"line":20,"column":6},"end":{"line":20,"column":13}},"18":{"start":{"line":23,"column":123},"end":{"line":23,"column":127}},"19":{"start":{"line":25,"column":18},"end":{"line":38,"column":6}},"20":{"start":{"line":40,"column":20},"end":{"line":45,"column":5}},"21":{"start":{"line":47,"column":4},"end":{"line":50,"column":7}},"22":{"start":{"line":52,"column":4},"end":{"line":52,"column":24}},"23":{"start":{"line":54,"column":4},"end":{"line":54,"column":60}},"24":{"start":{"line":58,"column":0},"end":{"line":58,"column":28}}},"fnMap":{"0":{"name":"(anonymous_0)","decl":{"start":{"line":7,"column":20},"end":{"line":7,"column":21}},"loc":{"start":{"line":7,"column":33},"end":{"line":7,"column":83}},"line":7},"1":{"name":"(anonymous_1)","decl":{"start":{"line":8,"column":21},"end":{"line":8,"column":22}},"loc":{"start":{"line":8,"column":34},"end":{"line":8,"column":85}},"line":8},"2":{"name":"(anonymous_2)","decl":{"start":{"line":9,"column":15},"end":{"line":9,"column":16}},"loc":{"start":{"line":9,"column":35},"end":{"line":56,"column":1}},"line":9}},"branchMap":{"0":{"loc":{"start":{"line":4,"column":18},"end":{"line":4,"column":74}},"type":"binary-expr","locations":[{"start":{"line":4,"column":18},"end":{"line":4,"column":48}},{"start":{"line":4,"column":52},"end":{"line":4,"column":74}}],"line":4},"1":{"loc":{"start":{"line":5,"column":19},"end":{"line":5,"column":77}},"type":"binary-expr","locations":[{"start":{"line":5,"column":19},"end":{"line":5,"column":51}},{"start":{"line":5,"column":55},"end":{"line":5,"column":77}}],"line":5},"2":{"loc":{"start":{"line":13,"column":4},"end":{"line":15,"column":5}},"type":"if","locations":[{"start":{"line":13,"column":4},"end":{"line":15,"column":5}},{"start":{},"end":{}}],"line":13},"3":{"loc":{"start":{"line":18,"column":4},"end":{"line":21,"column":5}},"type":"if","locations":[{"start":{"line":18,"column":4},"end":{"line":21,"column":5}},{"start":{},"end":{}}],"line":18}},"s":{"0":1,"1":1,"2":1,"3":1,"4":1,"5":1,"6":1,"7":1,"8":0,"9":1,"10":2,"11":2,"12":2,"13":1,"14":1,"15":1,"16":0,"17":0,"18":1,"19":1,"20":1,"21":1,"22":1,"23":0,"24":1},"f":{"0":1,"1":0,"2":2},"b":{"0":[1,1],"1":[1,1],"2":[1,1],"3":[0,1]},"_coverageSchema":"1a1c01bbd47fc00a2c39e90264f33305004495a9","hash":"c7b2440d50a6493970729a8b56c10927835037ef"}
,"D:\\MSIB\\PLATINUM FP\\BE\\BE-Final-Project\\app\\controllers\\registerController.js": {"path":"D:\\MSIB\\PLATINUM FP\\BE\\BE-Final-Project\\app\\controllers\\registerController.js","statementMap":{"0":{"start":{"line":1,"column":15},"end":{"line":1,"column":32}},"1":{"start":{"line":2,"column":17},"end":{"line":2,"column":37}},"2":{"start":{"line":3,"column":19},"end":{"line":3,"column":21}},"3":{"start":{"line":5,"column":24},"end":{"line":16,"column":1}},"4":{"start":{"line":6,"column":2},"end":{"line":15,"column":5}},"5":{"start":{"line":7,"column":4},"end":{"line":14,"column":7}},"6":{"start":{"line":8,"column":6},"end":{"line":11,"column":7}},"7":{"start":{"line":9,"column":8},"end":{"line":9,"column":20}},"8":{"start":{"line":10,"column":8},"end":{"line":10,"column":15}},"9":{"start":{"line":13,"column":6},"end":{"line":13,"column":33}},"10":{"start":{"line":18,"column":17},"end":{"line":61,"column":1}},"11":{"start":{"line":19,"column":2},"end":{"line":60,"column":3}},"12":{"start":{"line":20,"column":111},"end":{"line":20,"column":119}},"13":{"start":{"line":22,"column":22},"end":{"line":26,"column":6}},"14":{"start":{"line":28,"column":4},"end":{"line":30,"column":5}},"15":{"start":{"line":29,"column":6},"end":{"line":29,"column":73}},"16":{"start":{"line":34,"column":30},"end":{"line":34,"column":61}},"17":{"start":{"line":36,"column":20},"end":{"line":48,"column":6}},"18":{"start":{"line":50,"column":4},"end":{"line":55,"column":7}},"19":{"start":{"line":57,"column":4},"end":{"line":59,"column":7}},"20":{"start":{"line":63,"column":0},"end":{"line":65,"column":2}}},"fnMap":{"0":{"name":"(anonymous_0)","decl":{"start":{"line":5,"column":24},"end":{"line":5,"column":25}},"loc":{"start":{"line":5,"column":38},"end":{"line":16,"column":1}},"line":5},"1":{"name":"(anonymous_1)","decl":{"start":{"line":6,"column":21},"end":{"line":6,"column":22}},"loc":{"start":{"line":6,"column":42},"end":{"line":15,"column":3}},"line":6},"2":{"name":"(anonymous_2)","decl":{"start":{"line":7,"column":38},"end":{"line":7,"column":39}},"loc":{"start":{"line":7,"column":66},"end":{"line":14,"column":5}},"line":7},"3":{"name":"(anonymous_3)","decl":{"start":{"line":18,"column":17},"end":{"line":18,"column":18}},"loc":{"start":{"line":18,"column":37},"end":{"line":61,"column":1}},"line":18}},"branchMap":{"0":{"loc":{"start":{"line":8,"column":6},"end":{"line":11,"column":7}},"type":"if","locations":[{"start":{"line":8,"column":6},"end":{"line":11,"column":7}},{"start":{},"end":{}}],"line":8},"1":{"loc":{"start":{"line":28,"column":4},"end":{"line":30,"column":5}},"type":"if","locations":[{"start":{"line":28,"column":4},"end":{"line":30,"column":5}},{"start":{},"end":{}}],"line":28},"2":{"loc":{"start":{"line":57,"column":15},"end":{"line":57,"column":38}},"type":"binary-expr","locations":[{"start":{"line":57,"column":15},"end":{"line":57,"column":31}},{"start":{"line":57,"column":35},"end":{"line":57,"column":38}}],"line":57}},"s":{"0":1,"1":1,"2":1,"3":1,"4":1,"5":1,"6":1,"7":0,"8":0,"9":1,"10":1,"11":1,"12":1,"13":1,"14":1,"15":0,"16":1,"17":1,"18":1,"19":0,"20":1},"f":{"0":1,"1":1,"2":1,"3":1},"b":{"0":[0,1],"1":[0,1],"2":[0,0]},"_coverageSchema":"1a1c01bbd47fc00a2c39e90264f33305004495a9","hash":"9cd23075eec00ccbdc50fc5d56ccba91b5a72c21"}
,"D:\\MSIB\\PLATINUM FP\\BE\\BE-Final-Project\\app\\models\\admin.js": {"path":"D:\\MSIB\\PLATINUM FP\\BE\\BE-Final-Project\\app\\models\\admin.js","statementMap":{"0":{"start":{"line":3,"column":18},"end":{"line":3,"column":38}},"1":{"start":{"line":4,"column":0},"end":{"line":45,"column":2}},"2":{"start":{"line":13,"column":6},"end":{"line":18,"column":9}},"3":{"start":{"line":23,"column":6},"end":{"line":28,"column":9}},"4":{"start":{"line":31,"column":2},"end":{"line":43,"column":4}},"5":{"start":{"line":44,"column":2},"end":{"line":44,"column":15}}},"fnMap":{"0":{"name":"(anonymous_0)","decl":{"start":{"line":4,"column":17},"end":{"line":4,"column":18}},"loc":{"start":{"line":4,"column":43},"end":{"line":45,"column":1}},"line":4},"1":{"name":"(anonymous_1)","decl":{"start":{"line":11,"column":4},"end":{"line":11,"column":5}},"loc":{"start":{"line":11,"column":29},"end":{"line":19,"column":5}},"line":11},"2":{"name":"(anonymous_2)","decl":{"start":{"line":21,"column":4},"end":{"line":21,"column":5}},"loc":{"start":{"line":21,"column":29},"end":{"line":29,"column":5}},"line":21}},"branchMap":{},"s":{"0":1,"1":1,"2":0,"3":1,"4":1,"5":1},"f":{"0":1,"1":0,"2":1},"b":{},"_coverageSchema":"1a1c01bbd47fc00a2c39e90264f33305004495a9","hash":"9c46cd3c6e38e02200e94c57a9eb978a1bea5919"}
,"D:\\MSIB\\PLATINUM FP\\BE\\BE-Final-Project\\app\\models\\airport.js": {"path":"D:\\MSIB\\PLATINUM FP\\BE\\BE-Final-Project\\app\\models\\airport.js","statementMap":{"0":{"start":{"line":4,"column":4},"end":{"line":4,"column":24}},"1":{"start":{"line":5,"column":0},"end":{"line":31,"column":2}},"2":{"start":{"line":14,"column":6},"end":{"line":19,"column":9}},"3":{"start":{"line":22,"column":2},"end":{"line":29,"column":5}},"4":{"start":{"line":30,"column":2},"end":{"line":30,"column":17}}},"fnMap":{"0":{"name":"(anonymous_0)","decl":{"start":{"line":5,"column":17},"end":{"line":5,"column":18}},"loc":{"start":{"line":5,"column":43},"end":{"line":31,"column":1}},"line":5},"1":{"name":"(anonymous_1)","decl":{"start":{"line":12,"column":4},"end":{"line":12,"column":5}},"loc":{"start":{"line":12,"column":29},"end":{"line":20,"column":5}},"line":12}},"branchMap":{},"s":{"0":1,"1":1,"2":1,"3":1,"4":1},"f":{"0":1,"1":1},"b":{},"_coverageSchema":"1a1c01bbd47fc00a2c39e90264f33305004495a9","hash":"8d10636a3c702a03daa60a17ff62aaaef3a4ac97"}
,"D:\\MSIB\\PLATINUM FP\\BE\\BE-Final-Project\\app\\models\\booking.js": {"path":"D:\\MSIB\\PLATINUM FP\\BE\\BE-Final-Project\\app\\models\\booking.js","statementMap":{"0":{"start":{"line":5,"column":4},"end":{"line":5,"column":24}},"1":{"start":{"line":6,"column":0},"end":{"line":75,"column":2}},"2":{"start":{"line":15,"column":6},"end":{"line":20,"column":9}},"3":{"start":{"line":25,"column":6},"end":{"line":30,"column":9}},"4":{"start":{"line":35,"column":6},"end":{"line":40,"column":9}},"5":{"start":{"line":45,"column":6},"end":{"line":50,"column":9}},"6":{"start":{"line":55,"column":6},"end":{"line":60,"column":9}},"7":{"start":{"line":63,"column":2},"end":{"line":73,"column":5}},"8":{"start":{"line":74,"column":2},"end":{"line":74,"column":17}}},"fnMap":{"0":{"name":"(anonymous_0)","decl":{"start":{"line":6,"column":17},"end":{"line":6,"column":18}},"loc":{"start":{"line":6,"column":43},"end":{"line":75,"column":1}},"line":6},"1":{"name":"(anonymous_1)","decl":{"start":{"line":13,"column":4},"end":{"line":13,"column":5}},"loc":{"start":{"line":13,"column":29},"end":{"line":21,"column":5}},"line":13},"2":{"name":"(anonymous_2)","decl":{"start":{"line":23,"column":4},"end":{"line":23,"column":5}},"loc":{"start":{"line":23,"column":29},"end":{"line":31,"column":5}},"line":23},"3":{"name":"(anonymous_3)","decl":{"start":{"line":33,"column":4},"end":{"line":33,"column":5}},"loc":{"start":{"line":33,"column":29},"end":{"line":41,"column":5}},"line":33},"4":{"name":"(anonymous_4)","decl":{"start":{"line":43,"column":4},"end":{"line":43,"column":5}},"loc":{"start":{"line":43,"column":29},"end":{"line":51,"column":5}},"line":43},"5":{"name":"(anonymous_5)","decl":{"start":{"line":53,"column":4},"end":{"line":53,"column":5}},"loc":{"start":{"line":53,"column":29},"end":{"line":61,"column":5}},"line":53}},"branchMap":{},"s":{"0":1,"1":1,"2":0,"3":0,"4":0,"5":0,"6":1,"7":1,"8":1},"f":{"0":1,"1":0,"2":0,"3":0,"4":0,"5":1},"b":{},"_coverageSchema":"1a1c01bbd47fc00a2c39e90264f33305004495a9","hash":"8890016fdd1aee44838348fce1200d91269798cb"}
,"D:\\MSIB\\PLATINUM FP\\BE\\BE-Final-Project\\app\\models\\flight.js": {"path":"D:\\MSIB\\PLATINUM FP\\BE\\BE-Final-Project\\app\\models\\flight.js","statementMap":{"0":{"start":{"line":4,"column":4},"end":{"line":4,"column":24}},"1":{"start":{"line":5,"column":0},"end":{"line":60,"column":2}},"2":{"start":{"line":14,"column":6},"end":{"line":19,"column":9}},"3":{"start":{"line":24,"column":6},"end":{"line":29,"column":9}},"4":{"start":{"line":34,"column":6},"end":{"line":39,"column":9}},"5":{"start":{"line":42,"column":2},"end":{"line":58,"column":5}},"6":{"start":{"line":59,"column":2},"end":{"line":59,"column":16}}},"fnMap":{"0":{"name":"(anonymous_0)","decl":{"start":{"line":5,"column":17},"end":{"line":5,"column":18}},"loc":{"start":{"line":5,"column":43},"end":{"line":60,"column":1}},"line":5},"1":{"name":"(anonymous_1)","decl":{"start":{"line":12,"column":4},"end":{"line":12,"column":5}},"loc":{"start":{"line":12,"column":29},"end":{"line":20,"column":5}},"line":12},"2":{"name":"(anonymous_2)","decl":{"start":{"line":22,"column":4},"end":{"line":22,"column":5}},"loc":{"start":{"line":22,"column":29},"end":{"line":30,"column":5}},"line":22},"3":{"name":"(anonymous_3)","decl":{"start":{"line":32,"column":4},"end":{"line":32,"column":5}},"loc":{"start":{"line":32,"column":29},"end":{"line":40,"column":5}},"line":32}},"branchMap":{},"s":{"0":1,"1":1,"2":0,"3":0,"4":1,"5":1,"6":1},"f":{"0":1,"1":0,"2":0,"3":1},"b":{},"_coverageSchema":"1a1c01bbd47fc00a2c39e90264f33305004495a9","hash":"74a4d1673fb920fc360a632f6b06a63070ebdc1e"}
,"D:\\MSIB\\PLATINUM FP\\BE\\BE-Final-Project\\app\\models\\history.js": {"path":"D:\\MSIB\\PLATINUM FP\\BE\\BE-Final-Project\\app\\models\\history.js","statementMap":{"0":{"start":{"line":2,"column":18},"end":{"line":2,"column":38}},"1":{"start":{"line":3,"column":0},"end":{"line":42,"column":2}},"2":{"start":{"line":12,"column":6},"end":{"line":17,"column":9}},"3":{"start":{"line":22,"column":6},"end":{"line":27,"column":9}},"4":{"start":{"line":30,"column":2},"end":{"line":40,"column":4}},"5":{"start":{"line":41,"column":2},"end":{"line":41,"column":17}}},"fnMap":{"0":{"name":"(anonymous_0)","decl":{"start":{"line":3,"column":17},"end":{"line":3,"column":18}},"loc":{"start":{"line":3,"column":43},"end":{"line":42,"column":1}},"line":3},"1":{"name":"(anonymous_1)","decl":{"start":{"line":10,"column":5},"end":{"line":10,"column":6}},"loc":{"start":{"line":10,"column":30},"end":{"line":18,"column":5}},"line":10},"2":{"name":"(anonymous_2)","decl":{"start":{"line":20,"column":4},"end":{"line":20,"column":5}},"loc":{"start":{"line":20,"column":29},"end":{"line":28,"column":5}},"line":20}},"branchMap":{},"s":{"0":1,"1":1,"2":0,"3":1,"4":1,"5":1},"f":{"0":1,"1":0,"2":1},"b":{},"_coverageSchema":"1a1c01bbd47fc00a2c39e90264f33305004495a9","hash":"6286b9fbb6821a7033c92578a2b5e533b74dce20"}
,"D:\\MSIB\\PLATINUM FP\\BE\\BE-Final-Project\\app\\models\\index.js": {"path":"D:\\MSIB\\PLATINUM FP\\BE\\BE-Final-Project\\app\\models\\index.js","statementMap":{"0":{"start":{"line":2,"column":11},"end":{"line":2,"column":24}},"1":{"start":{"line":3,"column":13},"end":{"line":3,"column":28}},"2":{"start":{"line":4,"column":18},"end":{"line":4,"column":38}},"3":{"start":{"line":6,"column":17},"end":{"line":6,"column":42}},"4":{"start":{"line":7,"column":12},"end":{"line":7,"column":49}},"5":{"start":{"line":8,"column":15},"end":{"line":8,"column":63}},"6":{"start":{"line":9,"column":11},"end":{"line":9,"column":13}},"7":{"start":{"line":12,"column":0},"end":{"line":16,"column":1}},"8":{"start":{"line":13,"column":2},"end":{"line":13,"column":74}},"9":{"start":{"line":15,"column":2},"end":{"line":15,"column":87}},"10":{"start":{"line":18,"column":0},"end":{"line":24,"column":5}},"11":{"start":{"line":20,"column":20},"end":{"line":20,"column":98}},"12":{"start":{"line":22,"column":18},"end":{"line":22,"column":85}},"13":{"start":{"line":23,"column":4},"end":{"line":23,"column":27}},"14":{"start":{"line":26,"column":0},"end":{"line":30,"column":3}},"15":{"start":{"line":27,"column":2},"end":{"line":29,"column":3}},"16":{"start":{"line":28,"column":4},"end":{"line":28,"column":32}},"17":{"start":{"line":32,"column":0},"end":{"line":32,"column":25}},"18":{"start":{"line":33,"column":0},"end":{"line":33,"column":25}},"19":{"start":{"line":35,"column":0},"end":{"line":35,"column":20}}},"fnMap":{"0":{"name":"(anonymous_0)","decl":{"start":{"line":20,"column":10},"end":{"line":20,"column":11}},"loc":{"start":{"line":20,"column":20},"end":{"line":20,"column":98}},"line":20},"1":{"name":"(anonymous_1)","decl":{"start":{"line":21,"column":11},"end":{"line":21,"column":12}},"loc":{"start":{"line":21,"column":21},"end":{"line":24,"column":3}},"line":21},"2":{"name":"(anonymous_2)","decl":{"start":{"line":26,"column":24},"end":{"line":26,"column":25}},"loc":{"start":{"line":26,"column":39},"end":{"line":30,"column":1}},"line":26}},"branchMap":{"0":{"loc":{"start":{"line":7,"column":12},"end":{"line":7,"column":49}},"type":"binary-expr","locations":[{"start":{"line":7,"column":12},"end":{"line":7,"column":32}},{"start":{"line":7,"column":36},"end":{"line":7,"column":49}}],"line":7},"1":{"loc":{"start":{"line":12,"column":0},"end":{"line":16,"column":1}},"type":"if","locations":[{"start":{"line":12,"column":0},"end":{"line":16,"column":1}},{"start":{"line":14,"column":7},"end":{"line":16,"column":1}}],"line":12},"2":{"loc":{"start":{"line":20,"column":20},"end":{"line":20,"column":98}},"type":"binary-expr","locations":[{"start":{"line":20,"column":21},"end":{"line":20,"column":44}},{"start":{"line":20,"column":50},"end":{"line":20,"column":67}},{"start":{"line":20,"column":73},"end":{"line":20,"column":97}}],"line":20},"3":{"loc":{"start":{"line":27,"column":2},"end":{"line":29,"column":3}},"type":"if","locations":[{"start":{"line":27,"column":2},"end":{"line":29,"column":3}},{"start":{},"end":{}}],"line":27}},"s":{"0":1,"1":1,"2":1,"3":1,"4":1,"5":1,"6":1,"7":1,"8":0,"9":1,"10":1,"11":13,"12":12,"13":12,"14":1,"15":12,"16":12,"17":1,"18":1,"19":1},"f":{"0":13,"1":12,"2":12},"b":{"0":[1,0],"1":[0,1],"2":[13,13,12],"3":[12,0]},"_coverageSchema":"1a1c01bbd47fc00a2c39e90264f33305004495a9","hash":"f32e96ec6ea61e1f74e871dfd99c6c71d3f60fed"}
,"D:\\MSIB\\PLATINUM FP\\BE\\BE-Final-Project\\app\\models\\passenger.js": {"path":"D:\\MSIB\\PLATINUM FP\\BE\\BE-Final-Project\\app\\models\\passenger.js","statementMap":{"0":{"start":{"line":4,"column":4},"end":{"line":4,"column":24}},"1":{"start":{"line":5,"column":0},"end":{"line":32,"column":2}},"2":{"start":{"line":14,"column":6},"end":{"line":19,"column":9}},"3":{"start":{"line":22,"column":2},"end":{"line":30,"column":5}},"4":{"start":{"line":31,"column":2},"end":{"line":31,"column":19}}},"fnMap":{"0":{"name":"(anonymous_0)","decl":{"start":{"line":5,"column":17},"end":{"line":5,"column":18}},"loc":{"start":{"line":5,"column":43},"end":{"line":32,"column":1}},"line":5},"1":{"name":"(anonymous_1)","decl":{"start":{"line":12,"column":4},"end":{"line":12,"column":5}},"loc":{"start":{"line":12,"column":29},"end":{"line":20,"column":5}},"line":12}},"branchMap":{},"s":{"0":1,"1":1,"2":1,"3":1,"4":1},"f":{"0":1,"1":1},"b":{},"_coverageSchema":"1a1c01bbd47fc00a2c39e90264f33305004495a9","hash":"03c50a0ff377a155ad702e8927415db9dbc02481"}
,"D:\\MSIB\\PLATINUM FP\\BE\\BE-Final-Project\\app\\models\\payment.js": {"path":"D:\\MSIB\\PLATINUM FP\\BE\\BE-Final-Project\\app\\models\\payment.js","statementMap":{"0":{"start":{"line":5,"column":4},"end":{"line":5,"column":24}},"1":{"start":{"line":6,"column":0},"end":{"line":37,"column":2}},"2":{"start":{"line":15,"column":6},"end":{"line":20,"column":9}},"3":{"start":{"line":23,"column":2},"end":{"line":35,"column":5}},"4":{"start":{"line":36,"column":2},"end":{"line":36,"column":17}}},"fnMap":{"0":{"name":"(anonymous_0)","decl":{"start":{"line":6,"column":17},"end":{"line":6,"column":18}},"loc":{"start":{"line":6,"column":43},"end":{"line":37,"column":1}},"line":6},"1":{"name":"(anonymous_1)","decl":{"start":{"line":13,"column":4},"end":{"line":13,"column":5}},"loc":{"start":{"line":13,"column":29},"end":{"line":21,"column":5}},"line":13}},"branchMap":{},"s":{"0":1,"1":1,"2":1,"3":1,"4":1},"f":{"0":1,"1":1},"b":{},"_coverageSchema":"1a1c01bbd47fc00a2c39e90264f33305004495a9","hash":"e256fa7bd7bd2743bdf84f1ddea283c0762935ad"}
,"D:\\MSIB\\PLATINUM FP\\BE\\BE-Final-Project\\app\\models\\schedule.js": {"path":"D:\\MSIB\\PLATINUM FP\\BE\\BE-Final-Project\\app\\models\\schedule.js","statementMap":{"0":{"start":{"line":4,"column":4},"end":{"line":4,"column":24}},"1":{"start":{"line":5,"column":0},"end":{"line":32,"column":2}},"2":{"start":{"line":14,"column":6},"end":{"line":19,"column":9}},"3":{"start":{"line":22,"column":2},"end":{"line":30,"column":5}},"4":{"start":{"line":31,"column":2},"end":{"line":31,"column":18}}},"fnMap":{"0":{"name":"(anonymous_0)","decl":{"start":{"line":5,"column":17},"end":{"line":5,"column":18}},"loc":{"start":{"line":5,"column":43},"end":{"line":32,"column":1}},"line":5},"1":{"name":"(anonymous_1)","decl":{"start":{"line":12,"column":4},"end":{"line":12,"column":5}},"loc":{"start":{"line":12,"column":29},"end":{"line":20,"column":5}},"line":12}},"branchMap":{},"s":{"0":1,"1":1,"2":1,"3":1,"4":1},"f":{"0":1,"1":1},"b":{},"_coverageSchema":"1a1c01bbd47fc00a2c39e90264f33305004495a9","hash":"ca71a6d3c60d257ad25c5839843500f931de26cf"}
,"D:\\MSIB\\PLATINUM FP\\BE\\BE-Final-Project\\app\\models\\ticketairplane.js": {"path":"D:\\MSIB\\PLATINUM FP\\BE\\BE-Final-Project\\app\\models\\ticketairplane.js","statementMap":{"0":{"start":{"line":5,"column":4},"end":{"line":5,"column":24}},"1":{"start":{"line":6,"column":0},"end":{"line":57,"column":2}},"2":{"start":{"line":15,"column":6},"end":{"line":20,"column":9}},"3":{"start":{"line":25,"column":6},"end":{"line":30,"column":9}},"4":{"start":{"line":35,"column":6},"end":{"line":40,"column":9}},"5":{"start":{"line":43,"column":2},"end":{"line":55,"column":5}},"6":{"start":{"line":56,"column":2},"end":{"line":56,"column":24}}},"fnMap":{"0":{"name":"(anonymous_0)","decl":{"start":{"line":6,"column":17},"end":{"line":6,"column":18}},"loc":{"start":{"line":6,"column":43},"end":{"line":57,"column":1}},"line":6},"1":{"name":"(anonymous_1)","decl":{"start":{"line":13,"column":4},"end":{"line":13,"column":5}},"loc":{"start":{"line":13,"column":29},"end":{"line":21,"column":5}},"line":13},"2":{"name":"(anonymous_2)","decl":{"start":{"line":23,"column":4},"end":{"line":23,"column":5}},"loc":{"start":{"line":23,"column":29},"end":{"line":31,"column":5}},"line":23},"3":{"name":"(anonymous_3)","decl":{"start":{"line":33,"column":4},"end":{"line":33,"column":5}},"loc":{"start":{"line":33,"column":29},"end":{"line":41,"column":5}},"line":33}},"branchMap":{},"s":{"0":1,"1":1,"2":0,"3":0,"4":1,"5":1,"6":1},"f":{"0":1,"1":0,"2":0,"3":1},"b":{},"_coverageSchema":"1a1c01bbd47fc00a2c39e90264f33305004495a9","hash":"b56385cd419541d27bdb72f24ba7dd8ae92124c0"}
,"D:\\MSIB\\PLATINUM FP\\BE\\BE-Final-Project\\app\\models\\transaction.js": {"path":"D:\\MSIB\\PLATINUM FP\\BE\\BE-Final-Project\\app\\models\\transaction.js","statementMap":{"0":{"start":{"line":5,"column":4},"end":{"line":5,"column":24}},"1":{"start":{"line":6,"column":0},"end":{"line":75,"column":2}},"2":{"start":{"line":15,"column":6},"end":{"line":20,"column":9}},"3":{"start":{"line":25,"column":6},"end":{"line":30,"column":9}},"4":{"start":{"line":35,"column":6},"end":{"line":40,"column":9}},"5":{"start":{"line":45,"column":6},"end":{"line":50,"column":9}},"6":{"start":{"line":55,"column":6},"end":{"line":60,"column":9}},"7":{"start":{"line":63,"column":2},"end":{"line":73,"column":5}},"8":{"start":{"line":74,"column":2},"end":{"line":74,"column":21}}},"fnMap":{"0":{"name":"(anonymous_0)","decl":{"start":{"line":6,"column":17},"end":{"line":6,"column":18}},"loc":{"start":{"line":6,"column":43},"end":{"line":75,"column":1}},"line":6},"1":{"name":"(anonymous_1)","decl":{"start":{"line":13,"column":4},"end":{"line":13,"column":5}},"loc":{"start":{"line":13,"column":29},"end":{"line":21,"column":5}},"line":13},"2":{"name":"(anonymous_2)","decl":{"start":{"line":23,"column":4},"end":{"line":23,"column":5}},"loc":{"start":{"line":23,"column":29},"end":{"line":31,"column":5}},"line":23},"3":{"name":"(anonymous_3)","decl":{"start":{"line":33,"column":4},"end":{"line":33,"column":5}},"loc":{"start":{"line":33,"column":29},"end":{"line":41,"column":5}},"line":33},"4":{"name":"(anonymous_4)","decl":{"start":{"line":43,"column":4},"end":{"line":43,"column":5}},"loc":{"start":{"line":43,"column":29},"end":{"line":51,"column":5}},"line":43},"5":{"name":"(anonymous_5)","decl":{"start":{"line":53,"column":4},"end":{"line":53,"column":5}},"loc":{"start":{"line":53,"column":29},"end":{"line":61,"column":5}},"line":53}},"branchMap":{},"s":{"0":1,"1":1,"2":0,"3":0,"4":0,"5":0,"6":1,"7":1,"8":1},"f":{"0":1,"1":0,"2":0,"3":0,"4":0,"5":1},"b":{},"_coverageSchema":"1a1c01bbd47fc00a2c39e90264f33305004495a9","hash":"c8252154b79019c6d156789583890ebef3c74c96"}
,"D:\\MSIB\\PLATINUM FP\\BE\\BE-Final-Project\\app\\models\\user.js": {"path":"D:\\MSIB\\PLATINUM FP\\BE\\BE-Final-Project\\app\\models\\user.js","statementMap":{"0":{"start":{"line":2,"column":18},"end":{"line":2,"column":38}},"1":{"start":{"line":3,"column":0},"end":{"line":70,"column":2}},"2":{"start":{"line":12,"column":6},"end":{"line":17,"column":9}},"3":{"start":{"line":22,"column":6},"end":{"line":27,"column":9}},"4":{"start":{"line":32,"column":6},"end":{"line":37,"column":9}},"5":{"start":{"line":42,"column":6},"end":{"line":47,"column":9}},"6":{"start":{"line":50,"column":2},"end":{"line":68,"column":4}},"7":{"start":{"line":69,"column":2},"end":{"line":69,"column":14}}},"fnMap":{"0":{"name":"(anonymous_0)","decl":{"start":{"line":3,"column":17},"end":{"line":3,"column":18}},"loc":{"start":{"line":3,"column":43},"end":{"line":70,"column":1}},"line":3},"1":{"name":"(anonymous_1)","decl":{"start":{"line":10,"column":4},"end":{"line":10,"column":5}},"loc":{"start":{"line":10,"column":29},"end":{"line":18,"column":5}},"line":10},"2":{"name":"(anonymous_2)","decl":{"start":{"line":20,"column":4},"end":{"line":20,"column":5}},"loc":{"start":{"line":20,"column":29},"end":{"line":28,"column":5}},"line":20},"3":{"name":"(anonymous_3)","decl":{"start":{"line":30,"column":4},"end":{"line":30,"column":5}},"loc":{"start":{"line":30,"column":29},"end":{"line":38,"column":5}},"line":30},"4":{"name":"(anonymous_4)","decl":{"start":{"line":40,"column":4},"end":{"line":40,"column":5}},"loc":{"start":{"line":40,"column":29},"end":{"line":48,"column":5}},"line":40}},"branchMap":{},"s":{"0":1,"1":1,"2":0,"3":0,"4":0,"5":1,"6":1,"7":1},"f":{"0":1,"1":0,"2":0,"3":0,"4":1},"b":{},"_coverageSchema":"1a1c01bbd47fc00a2c39e90264f33305004495a9","hash":"91720a05c9af9758e4c406b91a2925318089ed5d"}
,"D:\\MSIB\\PLATINUM FP\\BE\\BE-Final-Project\\app\\models\\whislistdestination.js": {"path":"D:\\MSIB\\PLATINUM FP\\BE\\BE-Final-Project\\app\\models\\whislistdestination.js","statementMap":{"0":{"start":{"line":4,"column":4},"end":{"line":4,"column":24}},"1":{"start":{"line":5,"column":0},"end":{"line":41,"column":2}},"2":{"start":{"line":14,"column":6},"end":{"line":19,"column":9}},"3":{"start":{"line":24,"column":6},"end":{"line":29,"column":9}},"4":{"start":{"line":32,"column":2},"end":{"line":39,"column":5}},"5":{"start":{"line":40,"column":2},"end":{"line":40,"column":29}}},"fnMap":{"0":{"name":"(anonymous_0)","decl":{"start":{"line":5,"column":17},"end":{"line":5,"column":18}},"loc":{"start":{"line":5,"column":43},"end":{"line":41,"column":1}},"line":5},"1":{"name":"(anonymous_1)","decl":{"start":{"line":12,"column":4},"end":{"line":12,"column":5}},"loc":{"start":{"line":12,"column":29},"end":{"line":20,"column":5}},"line":12},"2":{"name":"(anonymous_2)","decl":{"start":{"line":22,"column":4},"end":{"line":22,"column":5}},"loc":{"start":{"line":22,"column":29},"end":{"line":30,"column":5}},"line":22}},"branchMap":{},"s":{"0":1,"1":1,"2":0,"3":1,"4":1,"5":1},"f":{"0":1,"1":0,"2":1},"b":{},"_coverageSchema":"1a1c01bbd47fc00a2c39e90264f33305004495a9","hash":"163b055f3cf72252f0eac263e2cd35e077e1da61"}
,"D:\\MSIB\\PLATINUM FP\\BE\\BE-Final-Project\\config\\config.js": {"path":"D:\\MSIB\\PLATINUM FP\\BE\\BE-Final-Project\\config\\config.js","statementMap":{"0":{"start":{"line":1,"column":64},"end":{"line":1,"column":75}},"1":{"start":{"line":3,"column":0},"end":{"line":28,"column":2}}},"fnMap":{},"branchMap":{},"s":{"0":1,"1":1},"f":{},"b":{},"_coverageSchema":"1a1c01bbd47fc00a2c39e90264f33305004495a9","hash":"76abe055926a84150d3e90c405c57fc5c09c2a0e"}
,"D:\\MSIB\\PLATINUM FP\\BE\\BE-Final-Project\\routes\\index.js": {"path":"D:\\MSIB\\PLATINUM FP\\BE\\BE-Final-Project\\routes\\index.js","statementMap":{"0":{"start":{"line":1,"column":15},"end":{"line":1,"column":42}},"1":{"start":{"line":3,"column":17},"end":{"line":3,"column":65}},"2":{"start":{"line":4,"column":14},"end":{"line":4,"column":59}},"3":{"start":{"line":5,"column":46},"end":{"line":5,"column":70}},"4":{"start":{"line":7,"column":0},"end":{"line":7,"column":83}},"5":{"start":{"line":8,"column":0},"end":{"line":8,"column":36}},"6":{"start":{"line":10,"column":0},"end":{"line":10,"column":24}}},"fnMap":{},"branchMap":{},"s":{"0":1,"1":1,"2":1,"3":1,"4":1,"5":1,"6":1},"f":{},"b":{},"_coverageSchema":"1a1c01bbd47fc00a2c39e90264f33305004495a9","hash":"8ed8bab5a55dd0e1e4242de2abb7f601dda8ee87"}
,"D:\\MSIB\\PLATINUM FP\\BE\\BE-Final-Project\\validation\\index.js": {"path":"D:\\MSIB\\PLATINUM FP\\BE\\BE-Final-Project\\validation\\index.js","statementMap":{"0":{"start":{"line":3,"column":36},"end":{"line":3,"column":64}},"1":{"start":{"line":4,"column":17},"end":{"line":4,"column":41}},"2":{"start":{"line":9,"column":0},"end":{"line":17,"column":2}},"3":{"start":{"line":10,"column":17},"end":{"line":10,"column":38}},"4":{"start":{"line":11,"column":2},"end":{"line":15,"column":3}},"5":{"start":{"line":12,"column":4},"end":{"line":14,"column":7}},"6":{"start":{"line":16,"column":2},"end":{"line":16,"column":9}},"7":{"start":{"line":19,"column":0},"end":{"line":26,"column":2}},"8":{"start":{"line":28,"column":0},"end":{"line":31,"column":2}}},"fnMap":{"0":{"name":"(anonymous_0)","decl":{"start":{"line":9,"column":16},"end":{"line":9,"column":17}},"loc":{"start":{"line":9,"column":36},"end":{"line":17,"column":1}},"line":9}},"branchMap":{"0":{"loc":{"start":{"line":11,"column":2},"end":{"line":15,"column":3}},"type":"if","locations":[{"start":{"line":11,"column":2},"end":{"line":15,"column":3}},{"start":{},"end":{}}],"line":11}},"s":{"0":1,"1":1,"2":1,"3":2,"4":2,"5":1,"6":1,"7":1,"8":1},"f":{"0":2},"b":{"0":[1,1]},"_coverageSchema":"1a1c01bbd47fc00a2c39e90264f33305004495a9","hash":"838ffb29406e10a6796229b010d30ef8daf7f0ea"}
}
